<?xml version="1.0" encoding="UTF-8"?>
<!-- Generated by org.testng.reporters.JUnitXMLReporter -->
<testsuite ignored="0" hostname="Viacheslavs-MacBook-Pro.local" failures="0" tests="6" name="Issue" time="6.057" errors="0" timestamp="04 Oct 2020 19:30:21 GMT">
  <testcase classname="JiraAPIGetIssue" name="getIssue" time="3.151"/>
  <testcase classname="JiraAPIAddAndDeleteComment" name="AddDeleteComment" time="0.502"/>
  <testcase classname="JiraAPIAddAndDeleteComment" name="checkCreatedComment" time="0.466"/>
  <testcase classname="JiraAPIAddAndDeleteComment" name="checkDeletedComment" time="0.481"/>
  <testcase classname="JiraAPIAddAndDeleteComment" name="deleteComment" time="0.383"/>
  <testcase classname="JiraAPICreateIssue" name="createIssueAndCheckContent" time="0.933"/>
</testsuite> <!-- Issue -->
