<?xml version="1.0" encoding="UTF-8"?>
<testng-results ignored="0" total="6" passed="6" failed="0" skipped="0">
  <reporter-output>
  </reporter-output>
  <suite started-at="2020-10-04T19:30:15Z" name="JIRA Suite" finished-at="2020-10-04T19:30:21Z" duration-ms="6057">
    <groups>
    </groups>
    <test started-at="2020-10-04T19:30:15Z" name="Issue" finished-at="2020-10-04T19:30:21Z" duration-ms="6057">
      <class name="JiraAPICreateIssue">
        <test-method signature="createIssueAndCheckContent()[pri:0, instance:JiraAPICreateIssue@41c89d2f]" started-at="2020-10-04T19:30:20Z" name="createIssueAndCheckContent" finished-at="2020-10-04T19:30:21Z" duration-ms="933" status="PASS">
          <reporter-output>
          </reporter-output>
        </test-method> <!-- createIssueAndCheckContent -->
      </class> <!-- JiraAPICreateIssue -->
      <class name="JiraAPIAddAndDeleteComment">
        <test-method signature="AddDeleteComment()[pri:0, instance:JiraAPIAddAndDeleteComment@437ebf59]" started-at="2020-10-04T19:30:18Z" name="AddDeleteComment" finished-at="2020-10-04T19:30:18Z" duration-ms="502" status="PASS">
          <reporter-output>
          </reporter-output>
        </test-method> <!-- AddDeleteComment -->
        <test-method signature="checkCreatedComment()[pri:0, instance:JiraAPIAddAndDeleteComment@437ebf59]" started-at="2020-10-04T19:30:18Z" name="checkCreatedComment" finished-at="2020-10-04T19:30:19Z" duration-ms="466" status="PASS">
          <reporter-output>
          </reporter-output>
        </test-method> <!-- checkCreatedComment -->
        <test-method signature="checkDeletedComment()[pri:0, instance:JiraAPIAddAndDeleteComment@437ebf59]" started-at="2020-10-04T19:30:19Z" name="checkDeletedComment" finished-at="2020-10-04T19:30:19Z" duration-ms="481" status="PASS">
          <reporter-output>
          </reporter-output>
        </test-method> <!-- checkDeletedComment -->
        <test-method signature="deleteComment()[pri:0, instance:JiraAPIAddAndDeleteComment@437ebf59]" started-at="2020-10-04T19:30:19Z" name="deleteComment" finished-at="2020-10-04T19:30:20Z" duration-ms="383" status="PASS">
          <reporter-output>
          </reporter-output>
        </test-method> <!-- deleteComment -->
      </class> <!-- JiraAPIAddAndDeleteComment -->
      <class name="JiraAPIGetIssue">
        <test-method signature="getIssue()[pri:0, instance:JiraAPIGetIssue@1d269ed7]" started-at="2020-10-04T19:30:15Z" name="getIssue" finished-at="2020-10-04T19:30:18Z" duration-ms="3151" status="PASS">
          <reporter-output>
          </reporter-output>
        </test-method> <!-- getIssue -->
      </class> <!-- JiraAPIGetIssue -->
    </test> <!-- Issue -->
  </suite> <!-- JIRA Suite -->
</testng-results>
