<?xml version="1.0" encoding="UTF-8"?>
<testng-results ignored="0" total="1" passed="1" failed="0" skipped="0">
  <reporter-output>
  </reporter-output>
  <suite started-at="2020-10-01T14:46:51Z" name="JIRA Suite" finished-at="2020-10-01T14:46:54Z" duration-ms="2961">
    <groups>
    </groups>
    <test started-at="2020-10-01T14:46:51Z" name="Issue" finished-at="2020-10-01T14:46:54Z" duration-ms="2961">
      <class name="JiraAPIGetIssue">
        <test-method signature="getExistingIssue()[pri:0, instance:JiraAPIGetIssue@677dbd89]" started-at="2020-10-01T14:46:51Z" name="getExistingIssue" finished-at="2020-10-01T14:46:54Z" duration-ms="2821" status="PASS">
          <reporter-output>
          </reporter-output>
        </test-method> <!-- getExistingIssue -->
      </class> <!-- JiraAPIGetIssue -->
    </test> <!-- Issue -->
  </suite> <!-- JIRA Suite -->
</testng-results>
