<?xml version="1.0" encoding="UTF-8"?>
<testsuite xmlns:xsi="http://www.w3.org/2001/XMLSchema-instance" xsi:noNamespaceSchemaLocation="https://maven.apache.org/surefire/maven-surefire-plugin/xsd/surefire-test-report.xsd" name="TestSuite" time="7.156" tests="6" errors="0" skipped="0" failures="0">
  <properties>
[...]
</properties>
  <testcase name="getIssue" classname="JiraAPIGetIssue" time="3.172"/>
  <testcase name="AddDeleteComment" classname="JiraAPIAddAndDeleteComment" time="0.512"/>
  <testcase name="checkCreatedComment" classname="JiraAPIAddAndDeleteComment" time="0.466"/>
  <testcase name="checkDeletedComment" classname="JiraAPIAddAndDeleteComment" time="0.595"/>
  <testcase name="deleteComment" classname="JiraAPIAddAndDeleteComment" time="0.273"/>
  <testcase name="createIssueAndCheckContent" classname="JiraAPICreateIssue" time="0.945"/>
</testsuite>